2020-04-16 15:15:52,608 38 Got joke. response: <Response [200]>
2020-04-16 15:15:52,608 45 Response json.dumps: {
    "categories": [],
    "created_at": "2020-01-05 13:42:30.480041",
    "icon_url": "https://assets.chucknorris.host/img/avatar/chuck-norris.png",
    "id": "Ht-0D3quQ_GAYAmSTV2mqw",
    "updated_at": "2020-01-05 13:42:30.480041",
    "url": "https://api.chucknorris.io/jokes/Ht-0D3quQ_GAYAmSTV2mqw",
    "value": "The movie \"anaconda\" was shot in Chuck Norris' underwear"
}
2020-04-16 15:15:52,608 46 Response text: {"categories":[],"created_at":"2020-01-05 13:42:30.480041","icon_url":"https://assets.chucknorris.host/img/avatar/chuck-norris.png","id":"Ht-0D3quQ_GAYAmSTV2mqw","updated_at":"2020-01-05 13:42:30.480041","url":"https://api.chucknorris.io/jokes/Ht-0D3quQ_GAYAmSTV2mqw","value":"The movie \"anaconda\" was shot in Chuck Norris' underwear"}
2020-04-16 15:16:02,609 38 Got joke. response: <Response [200]>
2020-04-16 15:16:02,609 45 Response json.dumps: {
    "categories": [],
    "created_at": "2020-01-05 13:42:23.880601",
    "icon_url": "https://assets.chucknorris.host/img/avatar/chuck-norris.png",
    "id": "-W8AeCS0Q_SGEglG3DkWEA",
    "updated_at": "2020-01-05 13:42:23.880601",
    "url": "https://api.chucknorris.io/jokes/-W8AeCS0Q_SGEglG3DkWEA",
    "value": "Michael Jackson once met Chuck Norris. That night, he went home and wrote \"Thriller\""
}
2020-04-16 15:16:02,609 46 Response text: {"categories":[],"created_at":"2020-01-05 13:42:23.880601","icon_url":"https://assets.chucknorris.host/img/avatar/chuck-norris.png","id":"-W8AeCS0Q_SGEglG3DkWEA","updated_at":"2020-01-05 13:42:23.880601","url":"https://api.chucknorris.io/jokes/-W8AeCS0Q_SGEglG3DkWEA","value":"Michael Jackson once met Chuck Norris. That night, he went home and wrote \"Thriller\""}
